{
  "RSpec": {
    "coverage": {
      "/Users/samellenrieder/Desktop/Code_challenge/spec/features/feature_spec.rb": [
        1,
        1,
        1,
        null,
        1,
        null,
        1,
        2,
        null,
        null,
        1,
        2,
        null,
        null,
        1,
        1,
        1,
        1,
        null,
        null,
        1,
        1,
        1,
        null,
        null,
        null,
        null,
        null,
        null,
        null,
        null,
        null,
        null,
        null,
        null,
        null,
        null,
        null,
        null,
        null,
        null,
        null,
        null,
        null,
        null,
        null,
        null
      ],
      "/Users/samellenrieder/Desktop/Code_challenge/spec/features/web_helpers.rb": [
        1,
        0,
        0,
        0,
        null
      ]
    },
    "timestamp": 1509275797
  }
}
