{
  "RSpec": {
    "coverage": {
      "/Users/samellenrieder/Desktop/N26_tech_test/spec/features/feature_spec.rb": [
        1,
        1,
        1,
        null,
        1,
        1,
        1,
        0,
        0,
        null,
        null,
        1,
        0,
        0,
        null,
        null,
        null,
        1,
        1,
        0,
        0,
        0,
        null,
        null,
        null,
        1,
        1,
        0,
        0,
        0,
        null,
        null,
        null
      ],
      "/Users/samellenrieder/Desktop/N26_tech_test/spec/features/printer_spec.rb": [
        1,
        1,
        null,
        null,
        null,
        null,
        null,
        null,
        null,
        null,
        null,
        null
      ]
    },
    "timestamp": 1509201774
  }
}
